<?xml version="1.0" encoding="UTF-8"?>
<!-- Generated by org.testng.reporters.JUnitXMLReporter -->
<testsuite ignored="0" hostname="DESKTOP-4N07MK4" failures="0" tests="3" name="Default test" time="39.673" errors="0" timestamp="2022-07-24T13:02:41 IST">
  <testcase classname="com.mystore.testCases.LoginPageTest" name="loginTest" time="9.673"/>
  <testcase classname="com.mystore.testCases.LoginPageTest" name="signIn" time="12.382"/>
  <testcase classname="com.mystore.testCases.LoginPageTest" name="currentURLChecking" time="2.229"/>
</testsuite> <!-- Default test -->
