<?xml version="1.0" encoding="UTF-8"?>
<!-- Generated by org.testng.reporters.JUnitXMLReporter -->
<testsuite ignored="0" hostname="DESKTOP-4N07MK4" failures="0" tests="3" name="Test" time="37.678" errors="0" timestamp="2022-07-25T12:22:45 IST">
  <testcase classname="com.mystore.testCases.HomePageTest" name="loginTest" time="7.701"/>
  <testcase classname="com.mystore.testCases.HomePageTest" name="signIn" time="12.366"/>
  <testcase classname="com.mystore.testCases.HomePageTest" name="currentURLChecking" time="0.126"/>
</testsuite> <!-- Test -->
